# JRE version: 7.0_09-b30
# Java VM: OpenJDK 64-Bit Server VM (23.2-b09 mixed mode linux-amd64 compressed oops)
Heap
 PSYoungGen      total 134720K, used 1780K [0x00000000f5560000, 0x00000000ff000000, 0x0000000100000000)
  eden space 114496K, 1% used [0x00000000f5560000,0x00000000f571d200,0x00000000fc530000)
  from space 20224K, 0% used [0x00000000fc530000,0x00000000fc530000,0x00000000fd8f0000)
  to   space 21184K, 0% used [0x00000000fdb50000,0x00000000fdb50000,0x00000000ff000000)
 ParOldGen       total 151680K, used 85107K [0x00000000e0000000, 0x00000000e9420000, 0x00000000f5560000)
  object space 151680K, 56% used [0x00000000e0000000,0x00000000e531cc20,0x00000000e9420000)
 PSPermGen       total 107264K, used 106948K [0x00000000d0000000, 0x00000000d68c0000, 0x00000000e0000000)
  object space 107264K, 99% used [0x00000000d0000000,0x00000000d68712e0,0x00000000d68c0000)
GC Heap History (10 events):
Event: 43102.035 GC heap before
{Heap before GC invocations=1264 (full 352):
 PSYoungGen      total 130816K, used 126272K [0x00000000f5560000, 0x00000000fe5b0000, 0x0000000100000000)
  eden space 116032K, 100% used [0x00000000f5560000,0x00000000fc6b0000,0x00000000fc6b0000)
  from space 14784K, 69% used [0x00000000fc6b0000,0x00000000fd0b03b0,0x00000000fd520000)
  to   space 15616K, 0% used [0x00000000fd670000,0x00000000fd670000,0x00000000fe5b0000)
 ParOldGen       total 151680K, used 98107K [0x00000000e0000000, 0x00000000e9420000, 0x00000000f5560000)
  object space 151680K, 64% used [0x00000000e0000000,0x00000000e5fcecf0,0x00000000e9420000)
 PSPermGen       total 107264K, used 106937K [0x00000000d0000000, 0x00000000d68c0000, 0x00000000e0000000)
  object space 107264K, 99% used [0x00000000d0000000,0x00000000d686e6d8,0x00000000d68c0000)
Event: 43102.049 GC heap after
Heap after GC invocations=1264 (full 352):
 PSYoungGen      total 131072K, used 11393K [0x00000000f5560000, 0x00000000fe7f0000, 0x0000000100000000)
  eden space 115456K, 0% used [0x00000000f5560000,0x00000000f5560000,0x00000000fc620000)
  from space 15616K, 72% used [0x00000000fd670000,0x00000000fe190478,0x00000000fe5b0000)
  to   space 16704K, 0% used [0x00000000fc620000,0x00000000fc620000,0x00000000fd670000)
 ParOldGen       total 151680K, used 98107K [0x00000000e0000000, 0x00000000e9420000, 0x00000000f5560000)
  object space 151680K, 64% used [0x00000000e0000000,0x00000000e5fcecf0,0x00000000e9420000)
 PSPermGen       total 107264K, used 106937K [0x00000000d0000000, 0x00000000d68c0000, 0x00000000e0000000)
  object space 107264K, 99% used [0x00000000d0000000,0x00000000d686e6d8,0x00000000d68c0000)
}
Event: 43146.222 GC heap before
{Heap before GC invocations=1265 (full 352):
 PSYoungGen      total 131072K, used 126849K [0x00000000f5560000, 0x00000000fe7f0000, 0x0000000100000000)
  eden space 115456K, 100% used [0x00000000f5560000,0x00000000fc620000,0x00000000fc620000)
  from space 15616K, 72% used [0x00000000fd670000,0x00000000fe190478,0x00000000fe5b0000)
  to   space 16704K, 0% used [0x00000000fc620000,0x00000000fc620000,0x00000000fd670000)
 ParOldGen       total 151680K, used 98107K [0x00000000e0000000, 0x00000000e9420000, 0x00000000f5560000)
  object space 151680K, 64% used [0x00000000e0000000,0x00000000e5fcecf0,0x00000000e9420000)
 PSPermGen       total 107264K, used 106938K [0x00000000d0000000, 0x00000000d68c0000, 0x00000000e0000000)
  object space 107264K, 99% used [0x00000000d0000000,0x00000000d686e968,0x00000000d68c0000)
Event: 43146.237 GC heap after
Heap after GC invocations=1265 (full 352):
 PSYoungGen      total 132160K, used 14582K [0x00000000f5560000, 0x00000000feb30000, 0x0000000100000000)
  eden space 115456K, 0% used [0x00000000f5560000,0x00000000f5560000,0x00000000fc620000)
  from space 16704K, 87% used [0x00000000fc620000,0x00000000fd45d950,0x00000000fd670000)
  to   space 18688K, 0% used [0x00000000fd8f0000,0x00000000fd8f0000,0x00000000feb30000)
 ParOldGen       total 151680K, used 98107K [0x00000000e0000000, 0x00000000e9420000, 0x00000000f5560000)
  object space 151680K, 64% used [0x00000000e0000000,0x00000000e5fcecf0,0x00000000e9420000)
 PSPermGen       total 107264K, used 106938K [0x00000000d0000000, 0x00000000d68c0000, 0x00000000e0000000)
  object space 107264K, 99% used [0x00000000d0000000,0x00000000d686e968,0x00000000d68c0000)
}
Event: 43208.135 GC heap before
{Heap before GC invocations=1266 (full 352):
 PSYoungGen      total 132160K, used 130038K [0x00000000f5560000, 0x00000000feb30000, 0x0000000100000000)
  eden space 115456K, 100% used [0x00000000f5560000,0x00000000fc620000,0x00000000fc620000)
  from space 16704K, 87% used [0x00000000fc620000,0x00000000fd45d950,0x00000000fd670000)
  to   space 18688K, 0% used [0x00000000fd8f0000,0x00000000fd8f0000,0x00000000feb30000)
 ParOldGen       total 151680K, used 98107K [0x00000000e0000000, 0x00000000e9420000, 0x00000000f5560000)
  object space 151680K, 64% used [0x00000000e0000000,0x00000000e5fcecf0,0x00000000e9420000)
 PSPermGen       total 107264K, used 106948K [0x00000000d0000000, 0x00000000d68c0000, 0x00000000e0000000)
  object space 107264K, 99% used [0x00000000d0000000,0x00000000d68713c0,0x00000000d68c0000)
Event: 43208.152 GC heap after
Heap after GC invocations=1266 (full 352):
 PSYoungGen      total 133184K, used 14368K [0x00000000f5560000, 0x00000000fee20000, 0x0000000100000000)
  eden space 114496K, 0% used [0x00000000f5560000,0x00000000f5560000,0x00000000fc530000)
  from space 18688K, 76% used [0x00000000fd8f0000,0x00000000fe6f8240,0x00000000feb30000)
  to   space 20224K, 0% used [0x00000000fc530000,0x00000000fc530000,0x00000000fd8f0000)
 ParOldGen       total 151680K, used 98107K [0x00000000e0000000, 0x00000000e9420000, 0x00000000f5560000)
  object space 151680K, 64% used [0x00000000e0000000,0x00000000e5fcecf0,0x00000000e9420000)
 PSPermGen       total 107264K, used 106948K [0x00000000d0000000, 0x00000000d68c0000, 0x00000000e0000000)
  object space 107264K, 99% used [0x00000000d0000000,0x00000000d68713c0,0x00000000d68c0000)
}
Event: 43212.337 GC heap before
{Heap before GC invocations=1267 (full 352):
 PSYoungGen      total 133184K, used 17835K [0x00000000f5560000, 0x00000000fee20000, 0x0000000100000000)
  eden space 114496K, 3% used [0x00000000f5560000,0x00000000f58c2c88,0x00000000fc530000)
  from space 18688K, 76% used [0x00000000fd8f0000,0x00000000fe6f8240,0x00000000feb30000)
  to   space 20224K, 0% used [0x00000000fc530000,0x00000000fc530000,0x00000000fd8f0000)
 ParOldGen       total 151680K, used 98107K [0x00000000e0000000, 0x00000000e9420000, 0x00000000f5560000)
  object space 151680K, 64% used [0x00000000e0000000,0x00000000e5fcecf0,0x00000000e9420000)
 PSPermGen       total 107264K, used 106948K [0x00000000d0000000, 0x00000000d68c0000, 0x00000000e0000000)
  object space 107264K, 99% used [0x00000000d0000000,0x00000000d68713c0,0x00000000d68c0000)
Event: 43212.354 GC heap after
Heap after GC invocations=1267 (full 352):
 PSYoungGen      total 134720K, used 13855K [0x00000000f5560000, 0x00000000ff000000, 0x0000000100000000)
  eden space 114496K, 0% used [0x00000000f5560000,0x00000000f5560000,0x00000000fc530000)
  from space 20224K, 68% used [0x00000000fc530000,0x00000000fd2b7e78,0x00000000fd8f0000)
  to   space 21184K, 0% used [0x00000000fdb50000,0x00000000fdb50000,0x00000000ff000000)
 ParOldGen       total 151680K, used 98107K [0x00000000e0000000, 0x00000000e9420000, 0x00000000f5560000)
  object space 151680K, 64% used [0x00000000e0000000,0x00000000e5fcecf0,0x00000000e9420000)
 PSPermGen       total 107264K, used 106948K [0x00000000d0000000, 0x00000000d68c0000, 0x00000000e0000000)
  object space 107264K, 99% used [0x00000000d0000000,0x00000000d68713c0,0x00000000d68c0000)
}
Event: 43212.354 GC heap before
{Heap before GC invocations=1268 (full 353):
 PSYoungGen      total 134720K, used 13855K [0x00000000f5560000, 0x00000000ff000000, 0x0000000100000000)
  eden space 114496K, 0% used [0x00000000f5560000,0x00000000f5560000,0x00000000fc530000)
  from space 20224K, 68% used [0x00000000fc530000,0x00000000fd2b7e78,0x00000000fd8f0000)
  to   space 21184K, 0% used [0x00000000fdb50000,0x00000000fdb50000,0x00000000ff000000)
 ParOldGen       total 151680K, used 98107K [0x00000000e0000000, 0x00000000e9420000, 0x00000000f5560000)
  object space 151680K, 64% used [0x00000000e0000000,0x00000000e5fcecf0,0x00000000e9420000)
 PSPermGen       total 107264K, used 106948K [0x00000000d0000000, 0x00000000d68c0000, 0x00000000e0000000)
  object space 107264K, 99% used [0x00000000d0000000,0x00000000d68713c0,0x00000000d68c0000)
Event: 43212.606 GC heap after
Heap after GC invocations=1268 (full 353):
 PSYoungGen      total 134720K, used 0K [0x00000000f5560000, 0x00000000ff000000, 0x0000000100000000)
  eden space 114496K, 0% used [0x00000000f5560000,0x00000000f5560000,0x00000000fc530000)
  from space 20224K, 0% used [0x00000000fc530000,0x00000000fc530000,0x00000000fd8f0000)
  to   space 21184K, 0% used [0x00000000fdb50000,0x00000000fdb50000,0x00000000ff000000)
 ParOldGen       total 151680K, used 85107K [0x00000000e0000000, 0x00000000e9420000, 0x00000000f5560000)
  object space 151680K, 56% used [0x00000000e0000000,0x00000000e531cc20,0x00000000e9420000)
 PSPermGen       total 107264K, used 106948K [0x00000000d0000000, 0x00000000d68c0000, 0x00000000e0000000)
  object space 107264K, 99% used [0x00000000d0000000,0x00000000d68712e0,0x00000000d68c0000)
}

