# JRE version: 7.0_09-b05
# Java VM: Java HotSpot(TM) Client VM (23.5-b02 mixed mode, sharing windows-x86 )
Heap
 def new generation   total 4928K, used 1242K [0x27010000, 0x27560000, 0x2c560000)
  eden space 4416K,  16% used [0x27010000, 0x270c6be8, 0x27460000)
  from space 512K, 100% used [0x27460000, 0x274e0000, 0x274e0000)
  to   space 512K,   0% used [0x274e0000, 0x274e0000, 0x27560000)
 tenured generation   total 10944K, used 1757K [0x2c560000, 0x2d010000, 0x37010000)
   the space 10944K,  16% used [0x2c560000, 0x2c7174b0, 0x2c717600, 0x2d010000)
 compacting perm gen  total 12288K, used 3292K [0x37010000, 0x37c10000, 0x3b010000)
   the space 12288K,  26% used [0x37010000, 0x37347240, 0x37347400, 0x37c10000)
    ro space 10240K,  42% used [0x3b010000, 0x3b450348, 0x3b450400, 0x3ba10000)
    rw space 12288K,  54% used [0x3ba10000, 0x3c0906f0, 0x3c090800, 0x3c610000)
GC Heap History (4 events):
Event: 0.965 GC heap before
{Heap before GC invocations=0 (full 0):
 def new generation   total 4928K, used 4416K [0x27010000, 0x27560000, 0x2c560000)
  eden space 4416K, 100% used [0x27010000, 0x27460000, 0x27460000)
  from space 512K,   0% used [0x27460000, 0x27460000, 0x274e0000)
  to   space 512K,   0% used [0x274e0000, 0x274e0000, 0x27560000)
 tenured generation   total 10944K, used 0K [0x2c560000, 0x2d010000, 0x37010000)
   the space 10944K,   0% used [0x2c560000, 0x2c560000, 0x2c560200, 0x2d010000)
 compacting perm gen  total 12288K, used 1679K [0x37010000, 0x37c10000, 0x3b010000)
   the space 12288K,  13% used [0x37010000, 0x371b3e48, 0x371b4000, 0x37c10000)
    ro space 10240K,  42% used [0x3b010000, 0x3b450348, 0x3b450400, 0x3ba10000)
    rw space 12288K,  54% used [0x3ba10000, 0x3c0906f0, 0x3c090800, 0x3c610000)
Event: 0.974 GC heap after
Heap after GC invocations=1 (full 0):
 def new generation   total 4928K, used 512K [0x27010000, 0x27560000, 0x2c560000)
  eden space 4416K,   0% used [0x27010000, 0x27010000, 0x27460000)
  from space 512K, 100% used [0x274e0000, 0x27560000, 0x27560000)
  to   space 512K,   0% used [0x27460000, 0x27460000, 0x274e0000)
 tenured generation   total 10944K, used 632K [0x2c560000, 0x2d010000, 0x37010000)
   the space 10944K,   5% used [0x2c560000, 0x2c5fe3c0, 0x2c5fe400, 0x2d010000)
 compacting perm gen  total 12288K, used 1679K [0x37010000, 0x37c10000, 0x3b010000)
   the space 12288K,  13% used [0x37010000, 0x371b3e48, 0x371b4000, 0x37c10000)
    ro space 10240K,  42% used [0x3b010000, 0x3b450348, 0x3b450400, 0x3ba10000)
    rw space 12288K,  54% used [0x3ba10000, 0x3c0906f0, 0x3c090800, 0x3c610000)
}
Event: 4.452 GC heap before
{Heap before GC invocations=1 (full 0):
 def new generation   total 4928K, used 4928K [0x27010000, 0x27560000, 0x2c560000)
  eden space 4416K, 100% used [0x27010000, 0x27460000, 0x27460000)
  from space 512K, 100% used [0x274e0000, 0x27560000, 0x27560000)
  to   space 512K,   0% used [0x27460000, 0x27460000, 0x274e0000)
 tenured generation   total 10944K, used 632K [0x2c560000, 0x2d010000, 0x37010000)
   the space 10944K,   5% used [0x2c560000, 0x2c5fe3c0, 0x2c5fe400, 0x2d010000)
 compacting perm gen  total 12288K, used 3035K [0x37010000, 0x37c10000, 0x3b010000)
   the space 12288K,  24% used [0x37010000, 0x37306f90, 0x37307000, 0x37c10000)
    ro space 10240K,  42% used [0x3b010000, 0x3b450348, 0x3b450400, 0x3ba10000)
    rw space 12288K,  54% used [0x3ba10000, 0x3c0906f0, 0x3c090800, 0x3c610000)
Event: 4.464 GC heap after
Heap after GC invocations=2 (full 0):
 def new generation   total 4928K, used 512K [0x27010000, 0x27560000, 0x2c560000)
  eden space 4416K,   0% used [0x27010000, 0x27010000, 0x27460000)
  from space 512K, 100% used [0x27460000, 0x274e0000, 0x274e0000)
  to   space 512K,   0% used [0x274e0000, 0x274e0000, 0x27560000)
 tenured generation   total 10944K, used 1757K [0x2c560000, 0x2d010000, 0x37010000)
   the space 10944K,  16% used [0x2c560000, 0x2c7174b0, 0x2c717600, 0x2d010000)
 compacting perm gen  total 12288K, used 3035K [0x37010000, 0x37c10000, 0x3b010000)
   the space 12288K,  24% used [0x37010000, 0x37306f90, 0x37307000, 0x37c10000)
    ro space 10240K,  42% used [0x3b010000, 0x3b450348, 0x3b450400, 0x3ba10000)
    rw space 12288K,  54% used [0x3ba10000, 0x3c0906f0, 0x3c090800, 0x3c610000)
}

