# JRE version: 7.0_07-b10
# Java VM: Java HotSpot(TM) Client VM (23.3-b01 mixed mode, sharing windows-x86 )
Heap
 def new generation   total 4928K, used 635K [0x23f10000, 0x24460000, 0x29460000)
  eden space 4416K,   2% used [0x23f10000, 0x23f2ed48, 0x24360000)
  from space 512K,  99% used [0x24360000, 0x243dfff8, 0x243e0000)
  to   space 512K,   0% used [0x243e0000, 0x243e0000, 0x24460000)
 tenured generation   total 10944K, used 1649K [0x29460000, 0x29f10000, 0x33f10000)
   the space 10944K,  15% used [0x29460000, 0x295fc4a8, 0x295fc600, 0x29f10000)
 compacting perm gen  total 12288K, used 2933K [0x33f10000, 0x34b10000, 0x37f10000)
   the space 12288K,  23% used [0x33f10000, 0x341ed600, 0x341ed600, 0x34b10000)
    ro space 10240K,  42% used [0x37f10000, 0x3834f150, 0x3834f200, 0x38910000)
    rw space 12288K,  54% used [0x38910000, 0x38f8fad8, 0x38f8fc00, 0x39510000)
GC Heap History (4 events):
Event: 0.859 GC heap before
{Heap before GC invocations=0 (full 0):
 def new generation   total 4928K, used 4416K [0x23f10000, 0x24460000, 0x29460000)
  eden space 4416K, 100% used [0x23f10000, 0x24360000, 0x24360000)
  from space 512K,   0% used [0x24360000, 0x24360000, 0x243e0000)
  to   space 512K,   0% used [0x243e0000, 0x243e0000, 0x24460000)
 tenured generation   total 10944K, used 0K [0x29460000, 0x29f10000, 0x33f10000)
   the space 10944K,   0% used [0x29460000, 0x29460000, 0x29460200, 0x29f10000)
 compacting perm gen  total 12288K, used 1637K [0x33f10000, 0x34b10000, 0x37f10000)
   the space 12288K,  13% used [0x33f10000, 0x340a9540, 0x340a9600, 0x34b10000)
    ro space 10240K,  42% used [0x37f10000, 0x3834f150, 0x3834f200, 0x38910000)
    rw space 12288K,  54% used [0x38910000, 0x38f8fad8, 0x38f8fc00, 0x39510000)
Event: 0.865 GC heap after
Heap after GC invocations=1 (full 0):
 def new generation   total 4928K, used 512K [0x23f10000, 0x24460000, 0x29460000)
  eden space 4416K,   0% used [0x23f10000, 0x23f10000, 0x24360000)
  from space 512K, 100% used [0x243e0000, 0x24460000, 0x24460000)
  to   space 512K,   0% used [0x24360000, 0x24360000, 0x243e0000)
 tenured generation   total 10944K, used 594K [0x29460000, 0x29f10000, 0x33f10000)
   the space 10944K,   5% used [0x29460000, 0x294f4a50, 0x294f4c00, 0x29f10000)
 compacting perm gen  total 12288K, used 1637K [0x33f10000, 0x34b10000, 0x37f10000)
   the space 12288K,  13% used [0x33f10000, 0x340a9540, 0x340a9600, 0x34b10000)
    ro space 10240K,  42% used [0x37f10000, 0x3834f150, 0x3834f200, 0x38910000)
    rw space 12288K,  54% used [0x38910000, 0x38f8fad8, 0x38f8fc00, 0x39510000)
}
Event: 1.079 GC heap before
{Heap before GC invocations=1 (full 0):
 def new generation   total 4928K, used 4928K [0x23f10000, 0x24460000, 0x29460000)
  eden space 4416K, 100% used [0x23f10000, 0x24360000, 0x24360000)
  from space 512K, 100% used [0x243e0000, 0x24460000, 0x24460000)
  to   space 512K,   0% used [0x24360000, 0x24360000, 0x243e0000)
 tenured generation   total 10944K, used 594K [0x29460000, 0x29f10000, 0x33f10000)
   the space 10944K,   5% used [0x29460000, 0x294f4a50, 0x294f4c00, 0x29f10000)
 compacting perm gen  total 12288K, used 2915K [0x33f10000, 0x34b10000, 0x37f10000)
   the space 12288K,  23% used [0x33f10000, 0x341e8d58, 0x341e8e00, 0x34b10000)
    ro space 10240K,  42% used [0x37f10000, 0x3834f150, 0x3834f200, 0x38910000)
    rw space 12288K,  54% used [0x38910000, 0x38f8fad8, 0x38f8fc00, 0x39510000)
Event: 1.085 GC heap after
Heap after GC invocations=2 (full 0):
 def new generation   total 4928K, used 511K [0x23f10000, 0x24460000, 0x29460000)
  eden space 4416K,   0% used [0x23f10000, 0x23f10000, 0x24360000)
  from space 512K,  99% used [0x24360000, 0x243dfff8, 0x243e0000)
  to   space 512K,   0% used [0x243e0000, 0x243e0000, 0x24460000)
 tenured generation   total 10944K, used 1649K [0x29460000, 0x29f10000, 0x33f10000)
   the space 10944K,  15% used [0x29460000, 0x295fc4a8, 0x295fc600, 0x29f10000)
 compacting perm gen  total 12288K, used 2915K [0x33f10000, 0x34b10000, 0x37f10000)
   the space 12288K,  23% used [0x33f10000, 0x341e8d58, 0x341e8e00, 0x34b10000)
    ro space 10240K,  42% used [0x37f10000, 0x3834f150, 0x3834f200, 0x38910000)
    rw space 12288K,  54% used [0x38910000, 0x38f8fad8, 0x38f8fc00, 0x39510000)
}

